build/app/intermediates/manifest_merge_blame_file/release/manifest-merger-blame-release-report.txt
1<?xml version="1.0" encoding="utf-8"?>
2<manifest xmlns:android="http://schemas.android.com/apk/res/android"
3    package="com.example.voicode_"
4    android:versionCode="1"
5    android:versionName="1.0.0" >
6
7    <uses-sdk
8        android:minSdkVersion="21"
8-->src\main\AndroidManifest.xml
9        android:targetSdkVersion="33" />
9-->src\main\AndroidManifest.xml
10
11    <uses-permission
11-->[:file_picker] AndroidManifest.xml:9:5-11:38
12        android:name="android.permission.READ_EXTERNAL_STORAGE"
12-->[:file_picker] AndroidManifest.xml:10:9-64
13        android:maxSdkVersion="32" />
13-->[:file_picker] AndroidManifest.xml:11:9-35
14
15    <queries>
15-->[:file_picker] AndroidManifest.xml:13:5-19:15
16        <intent>
16-->[:file_picker] AndroidManifest.xml:14:9-18:18
17            <action android:name="android.intent.action.GET_CONTENT" />
17-->[:file_picker] AndroidManifest.xml:15:13-72
17-->[:file_picker] AndroidManifest.xml:15:21-69
18
19            <data android:mimeType="*/*" />
19-->[:file_picker] AndroidManifest.xml:17:13-44
19-->[:file_picker] AndroidManifest.xml:17:19-41
20        </intent>
21        <intent>
21-->[androidx.media2:media2-session:1.2.1] AndroidManifest.xml:25:9-27:18
22            <action android:name="android.media.browse.MediaBrowserService" />
22-->[androidx.media2:media2-session:1.2.1] AndroidManifest.xml:26:13-79
22-->[androidx.media2:media2-session:1.2.1] AndroidManifest.xml:26:21-76
23        </intent>
24        <intent>
24-->[androidx.media2:media2-session:1.2.1] AndroidManifest.xml:28:9-30:18
25            <action android:name="androidx.media2.session.MediaSessionService" />
25-->[androidx.media2:media2-session:1.2.1] AndroidManifest.xml:29:13-82
25-->[androidx.media2:media2-session:1.2.1] AndroidManifest.xml:29:21-79
26        </intent>
27        <intent>
27-->[androidx.media2:media2-session:1.2.1] AndroidManifest.xml:31:9-33:18
28            <action android:name="androidx.media2.session.MediaLibraryService" />
28-->[androidx.media2:media2-session:1.2.1] AndroidManifest.xml:32:13-82
28-->[androidx.media2:media2-session:1.2.1] AndroidManifest.xml:32:21-79
29        </intent>
30    </queries> <!-- Although the *SdkVersion is captured in gradle build files, this is required for non gradle builds -->
31    <!-- <uses-sdk android:minSdkVersion="14" /> -->
32    <uses-permission android:name="android.permission.ACCESS_NETWORK_STATE" />
32-->[com.google.firebase:firebase-firestore:24.10.2] AndroidManifest.xml:10:5-79
32-->[com.google.firebase:firebase-firestore:24.10.2] AndroidManifest.xml:10:22-76
33    <uses-permission android:name="android.permission.INTERNET" />
33-->[com.google.firebase:firebase-firestore:24.10.2] AndroidManifest.xml:11:5-67
33-->[com.google.firebase:firebase-firestore:24.10.2] AndroidManifest.xml:11:22-64
34    <uses-permission android:name="android.permission.WAKE_LOCK" />
34-->[com.google.android.gms:play-services-measurement-api:21.5.1] AndroidManifest.xml:24:5-68
34-->[com.google.android.gms:play-services-measurement-api:21.5.1] AndroidManifest.xml:24:22-65
35    <uses-permission android:name="com.google.android.gms.permission.AD_ID" />
35-->[com.google.android.gms:play-services-measurement-api:21.5.1] AndroidManifest.xml:25:5-79
35-->[com.google.android.gms:play-services-measurement-api:21.5.1] AndroidManifest.xml:25:22-76
36    <uses-permission android:name="android.permission.ACCESS_ADSERVICES_ATTRIBUTION" />
36-->[com.google.android.gms:play-services-measurement-api:21.5.1] AndroidManifest.xml:26:5-88
36-->[com.google.android.gms:play-services-measurement-api:21.5.1] AndroidManifest.xml:26:22-85
37    <uses-permission android:name="android.permission.ACCESS_ADSERVICES_AD_ID" />
37-->[com.google.android.gms:play-services-measurement-api:21.5.1] AndroidManifest.xml:27:5-82
37-->[com.google.android.gms:play-services-measurement-api:21.5.1] AndroidManifest.xml:27:22-79
38    <uses-permission android:name="com.google.android.finsky.permission.BIND_GET_INSTALL_REFERRER_SERVICE" />
38-->[com.google.android.gms:play-services-measurement:21.5.1] AndroidManifest.xml:26:5-110
38-->[com.google.android.gms:play-services-measurement:21.5.1] AndroidManifest.xml:26:22-107
39
40    <permission
40-->[androidx.core:core:1.9.0] AndroidManifest.xml:22:5-24:47
41        android:name="com.example.voicode_.DYNAMIC_RECEIVER_NOT_EXPORTED_PERMISSION"
41-->[androidx.core:core:1.9.0] AndroidManifest.xml:23:9-81
42        android:protectionLevel="signature" />
42-->[androidx.core:core:1.9.0] AndroidManifest.xml:24:9-44
43
44    <uses-permission android:name="com.example.voicode_.DYNAMIC_RECEIVER_NOT_EXPORTED_PERMISSION" />
44-->[androidx.core:core:1.9.0] AndroidManifest.xml:26:5-97
44-->[androidx.core:core:1.9.0] AndroidManifest.xml:26:22-94
45    <uses-permission android:name="android.permission.CAMERA" /> <!-- Don't require camera, as this requires a rear camera. This allows it to work on the Nexus 7 -->
45-->[com.journeyapps:zxing-android-embedded:4.3.0] AndroidManifest.xml:22:5-65
45-->[com.journeyapps:zxing-android-embedded:4.3.0] AndroidManifest.xml:22:22-62
46    <uses-feature
46-->[com.journeyapps:zxing-android-embedded:4.3.0] AndroidManifest.xml:25:5-27:36
47        android:name="android.hardware.camera"
47-->[com.journeyapps:zxing-android-embedded:4.3.0] AndroidManifest.xml:26:9-47
48        android:required="false" />
48-->[com.journeyapps:zxing-android-embedded:4.3.0] AndroidManifest.xml:27:9-33
49    <uses-feature
49-->[com.journeyapps:zxing-android-embedded:4.3.0] AndroidManifest.xml:28:5-30:36
50        android:name="android.hardware.camera.front"
50-->[com.journeyapps:zxing-android-embedded:4.3.0] AndroidManifest.xml:29:9-53
51        android:required="false" /> <!-- TODO replace above two with next line after Android 4.2 -->
51-->[com.journeyapps:zxing-android-embedded:4.3.0] AndroidManifest.xml:30:9-33
52    <!-- <uses-feature android:name="android.hardware.camera.any"/> -->
53    <uses-feature
53-->[com.journeyapps:zxing-android-embedded:4.3.0] AndroidManifest.xml:33:5-35:36
54        android:name="android.hardware.camera.autofocus"
54-->[com.journeyapps:zxing-android-embedded:4.3.0] AndroidManifest.xml:34:9-57
55        android:required="false" />
55-->[com.journeyapps:zxing-android-embedded:4.3.0] AndroidManifest.xml:35:9-33
56    <uses-feature
56-->[com.journeyapps:zxing-android-embedded:4.3.0] AndroidManifest.xml:36:5-38:36
57        android:name="android.hardware.camera.flash"
57-->[com.journeyapps:zxing-android-embedded:4.3.0] AndroidManifest.xml:37:9-53
58        android:required="false" />
58-->[com.journeyapps:zxing-android-embedded:4.3.0] AndroidManifest.xml:38:9-33
59    <uses-feature
59-->[com.journeyapps:zxing-android-embedded:4.3.0] AndroidManifest.xml:39:5-41:36
60        android:name="android.hardware.screen.landscape"
60-->[com.journeyapps:zxing-android-embedded:4.3.0] AndroidManifest.xml:40:9-57
61        android:required="false" />
61-->[com.journeyapps:zxing-android-embedded:4.3.0] AndroidManifest.xml:41:9-33
62    <uses-feature
62-->[com.journeyapps:zxing-android-embedded:4.3.0] AndroidManifest.xml:42:5-44:36
63        android:name="android.hardware.wifi"
63-->[com.journeyapps:zxing-android-embedded:4.3.0] AndroidManifest.xml:43:9-45
64        android:required="false" />
64-->[com.journeyapps:zxing-android-embedded:4.3.0] AndroidManifest.xml:44:9-33
65
66    <application
67        android:name="android.app.Application"
67-->src\main\AndroidManifest.xml:4:9-42
68        android:appComponentFactory="androidx.core.app.CoreComponentFactory"
68-->[androidx.core:core:1.9.0] AndroidManifest.xml:28:18-86
69        android:icon="@mipmap/ic_launcher"
69-->src\main\AndroidManifest.xml:5:9-43
70        android:label="voicode_" >
70-->src\main\AndroidManifest.xml:3:9-33
71        <activity
71-->src\main\AndroidManifest.xml:7:9-27:20
72            android:name="com.example.voicode_.MainActivity"
72-->src\main\AndroidManifest.xml:8:13-41
73            android:configChanges="orientation|keyboardHidden|keyboard|screenSize|smallestScreenSize|locale|layoutDirection|fontScale|screenLayout|density|uiMode"
73-->src\main\AndroidManifest.xml:12:13-163
74            android:exported="true"
74-->src\main\AndroidManifest.xml:9:13-36
75            android:hardwareAccelerated="true"
75-->src\main\AndroidManifest.xml:13:13-47
76            android:launchMode="singleTop"
76-->src\main\AndroidManifest.xml:10:13-43
77            android:theme="@style/LaunchTheme"
77-->src\main\AndroidManifest.xml:11:13-47
78            android:windowSoftInputMode="adjustResize" >
78-->src\main\AndroidManifest.xml:14:13-55
79
80            <!--
81                 Specifies an Android theme to apply to this Activity as soon as
82                 the Android process has started. This theme is visible to the user
83                 while the Flutter UI initializes. After that, this theme continues
84                 to determine the Window background behind the Flutter UI.
85            -->
86            <meta-data
86-->src\main\AndroidManifest.xml:19:13-22:17
87                android:name="io.flutter.embedding.android.NormalTheme"
87-->src\main\AndroidManifest.xml:20:15-70
88                android:resource="@style/NormalTheme" />
88-->src\main\AndroidManifest.xml:21:15-52
89
90            <intent-filter>
90-->src\main\AndroidManifest.xml:23:13-26:29
91                <action android:name="android.intent.action.MAIN" />
91-->src\main\AndroidManifest.xml:24:17-68
91-->src\main\AndroidManifest.xml:24:25-66
92
93                <category android:name="android.intent.category.LAUNCHER" />
93-->src\main\AndroidManifest.xml:25:17-76
93-->src\main\AndroidManifest.xml:25:27-74
94            </intent-filter>
95        </activity>
96        <!--
97             Don't delete the meta-data below.
98             This is used by the Flutter tool to generate GeneratedPluginRegistrant.java
99        -->
100        <meta-data
100-->src\main\AndroidManifest.xml:30:9-32:33
101            android:name="flutterEmbedding"
101-->src\main\AndroidManifest.xml:31:13-44
102            android:value="2" />
102-->src\main\AndroidManifest.xml:32:13-30
103
104        <service
104-->[:cloud_firestore] AndroidManifest.xml:10:9-14:19
105            android:name="com.google.firebase.components.ComponentDiscoveryService"
105-->[:cloud_firestore] AndroidManifest.xml:10:18-89
106            android:directBootAware="true"
106-->[com.google.firebase:firebase-common:20.4.2] AndroidManifest.xml:32:13-43
107            android:exported="false" >
107-->[com.google.firebase:firebase-firestore:24.10.2] AndroidManifest.xml:16:13-37
108            <meta-data
108-->[:cloud_firestore] AndroidManifest.xml:11:13-13:85
109                android:name="com.google.firebase.components:io.flutter.plugins.firebase.firestore.FlutterFirebaseFirestoreRegistrar"
109-->[:cloud_firestore] AndroidManifest.xml:12:17-134
110                android:value="com.google.firebase.components.ComponentRegistrar" />
110-->[:cloud_firestore] AndroidManifest.xml:13:17-82
111            <meta-data
111-->[:firebase_core] AndroidManifest.xml:11:13-13:85
112                android:name="com.google.firebase.components:io.flutter.plugins.firebase.core.FlutterFirebaseCoreRegistrar"
112-->[:firebase_core] AndroidManifest.xml:12:17-124
113                android:value="com.google.firebase.components.ComponentRegistrar" />
113-->[:firebase_core] AndroidManifest.xml:13:17-82
114            <meta-data
114-->[com.google.firebase:firebase-firestore:24.10.2] AndroidManifest.xml:17:13-19:85
115                android:name="com.google.firebase.components:com.google.firebase.firestore.FirebaseFirestoreKtxRegistrar"
115-->[com.google.firebase:firebase-firestore:24.10.2] AndroidManifest.xml:18:17-122
116                android:value="com.google.firebase.components.ComponentRegistrar" />
116-->[com.google.firebase:firebase-firestore:24.10.2] AndroidManifest.xml:19:17-82
117            <meta-data
117-->[com.google.firebase:firebase-firestore:24.10.2] AndroidManifest.xml:20:13-22:85
118                android:name="com.google.firebase.components:com.google.firebase.firestore.FirestoreRegistrar"
118-->[com.google.firebase:firebase-firestore:24.10.2] AndroidManifest.xml:21:17-111
119                android:value="com.google.firebase.components.ComponentRegistrar" />
119-->[com.google.firebase:firebase-firestore:24.10.2] AndroidManifest.xml:22:17-82
120            <meta-data
120-->[com.google.android.gms:play-services-measurement-api:21.5.1] AndroidManifest.xml:37:13-39:85
121                android:name="com.google.firebase.components:com.google.firebase.analytics.connector.internal.AnalyticsConnectorRegistrar"
121-->[com.google.android.gms:play-services-measurement-api:21.5.1] AndroidManifest.xml:38:17-139
122                android:value="com.google.firebase.components.ComponentRegistrar" />
122-->[com.google.android.gms:play-services-measurement-api:21.5.1] AndroidManifest.xml:39:17-82
123            <meta-data
123-->[com.google.firebase:firebase-installations:17.2.0] AndroidManifest.xml:15:13-17:85
124                android:name="com.google.firebase.components:com.google.firebase.installations.FirebaseInstallationsKtxRegistrar"
124-->[com.google.firebase:firebase-installations:17.2.0] AndroidManifest.xml:16:17-130
125                android:value="com.google.firebase.components.ComponentRegistrar" />
125-->[com.google.firebase:firebase-installations:17.2.0] AndroidManifest.xml:17:17-82
126            <meta-data
126-->[com.google.firebase:firebase-installations:17.2.0] AndroidManifest.xml:18:13-20:85
127                android:name="com.google.firebase.components:com.google.firebase.installations.FirebaseInstallationsRegistrar"
127-->[com.google.firebase:firebase-installations:17.2.0] AndroidManifest.xml:19:17-127
128                android:value="com.google.firebase.components.ComponentRegistrar" />
128-->[com.google.firebase:firebase-installations:17.2.0] AndroidManifest.xml:20:17-82
129            <meta-data
129-->[com.google.firebase:firebase-common-ktx:20.4.2] AndroidManifest.xml:12:13-14:85
130                android:name="com.google.firebase.components:com.google.firebase.ktx.FirebaseCommonLegacyRegistrar"
130-->[com.google.firebase:firebase-common-ktx:20.4.2] AndroidManifest.xml:13:17-116
131                android:value="com.google.firebase.components.ComponentRegistrar" />
131-->[com.google.firebase:firebase-common-ktx:20.4.2] AndroidManifest.xml:14:17-82
132            <meta-data
132-->[com.google.firebase:firebase-common:20.4.2] AndroidManifest.xml:35:13-37:85
133                android:name="com.google.firebase.components:com.google.firebase.FirebaseCommonKtxRegistrar"
133-->[com.google.firebase:firebase-common:20.4.2] AndroidManifest.xml:36:17-109
134                android:value="com.google.firebase.components.ComponentRegistrar" />
134-->[com.google.firebase:firebase-common:20.4.2] AndroidManifest.xml:37:17-82
135        </service>
136
137        <property
137-->[com.google.android.gms:play-services-measurement-api:21.5.1] AndroidManifest.xml:30:9-32:61
138            android:name="android.adservices.AD_SERVICES_CONFIG"
138-->[com.google.android.gms:play-services-measurement-api:21.5.1] AndroidManifest.xml:31:13-65
139            android:resource="@xml/ga_ad_services_config" />
139-->[com.google.android.gms:play-services-measurement-api:21.5.1] AndroidManifest.xml:32:13-58
140
141        <provider
141-->[com.google.firebase:firebase-common:20.4.2] AndroidManifest.xml:23:9-28:39
142            android:name="com.google.firebase.provider.FirebaseInitProvider"
142-->[com.google.firebase:firebase-common:20.4.2] AndroidManifest.xml:24:13-77
143            android:authorities="com.example.voicode_.firebaseinitprovider"
143-->[com.google.firebase:firebase-common:20.4.2] AndroidManifest.xml:25:13-72
144            android:directBootAware="true"
144-->[com.google.firebase:firebase-common:20.4.2] AndroidManifest.xml:26:13-43
145            android:exported="false"
145-->[com.google.firebase:firebase-common:20.4.2] AndroidManifest.xml:27:13-37
146            android:initOrder="100" />
146-->[com.google.firebase:firebase-common:20.4.2] AndroidManifest.xml:28:13-36
147
148        <receiver
148-->[com.google.android.gms:play-services-measurement:21.5.1] AndroidManifest.xml:29:9-33:20
149            android:name="com.google.android.gms.measurement.AppMeasurementReceiver"
149-->[com.google.android.gms:play-services-measurement:21.5.1] AndroidManifest.xml:30:13-85
150            android:enabled="true"
150-->[com.google.android.gms:play-services-measurement:21.5.1] AndroidManifest.xml:31:13-35
151            android:exported="false" >
151-->[com.google.android.gms:play-services-measurement:21.5.1] AndroidManifest.xml:32:13-37
152        </receiver>
153
154        <service
154-->[com.google.android.gms:play-services-measurement:21.5.1] AndroidManifest.xml:35:9-38:40
155            android:name="com.google.android.gms.measurement.AppMeasurementService"
155-->[com.google.android.gms:play-services-measurement:21.5.1] AndroidManifest.xml:36:13-84
156            android:enabled="true"
156-->[com.google.android.gms:play-services-measurement:21.5.1] AndroidManifest.xml:37:13-35
157            android:exported="false" />
157-->[com.google.android.gms:play-services-measurement:21.5.1] AndroidManifest.xml:38:13-37
158        <service
158-->[com.google.android.gms:play-services-measurement:21.5.1] AndroidManifest.xml:39:9-43:72
159            android:name="com.google.android.gms.measurement.AppMeasurementJobService"
159-->[com.google.android.gms:play-services-measurement:21.5.1] AndroidManifest.xml:40:13-87
160            android:enabled="true"
160-->[com.google.android.gms:play-services-measurement:21.5.1] AndroidManifest.xml:41:13-35
161            android:exported="false"
161-->[com.google.android.gms:play-services-measurement:21.5.1] AndroidManifest.xml:42:13-37
162            android:permission="android.permission.BIND_JOB_SERVICE" />
162-->[com.google.android.gms:play-services-measurement:21.5.1] AndroidManifest.xml:43:13-69
163
164        <activity
164-->[com.google.android.gms:play-services-base:18.0.1] AndroidManifest.xml:20:9-22:45
165            android:name="com.google.android.gms.common.api.GoogleApiActivity"
165-->[com.google.android.gms:play-services-base:18.0.1] AndroidManifest.xml:20:19-85
166            android:exported="false"
166-->[com.google.android.gms:play-services-base:18.0.1] AndroidManifest.xml:22:19-43
167            android:theme="@android:style/Theme.Translucent.NoTitleBar" />
167-->[com.google.android.gms:play-services-base:18.0.1] AndroidManifest.xml:21:19-78
168
169        <uses-library
169-->[androidx.privacysandbox.ads:ads-adservices:1.0.0-beta05] AndroidManifest.xml:23:9-25:40
170            android:name="android.ext.adservices"
170-->[androidx.privacysandbox.ads:ads-adservices:1.0.0-beta05] AndroidManifest.xml:24:13-50
171            android:required="false" />
171-->[androidx.privacysandbox.ads:ads-adservices:1.0.0-beta05] AndroidManifest.xml:25:13-37
172        <uses-library
172-->[androidx.window:window:1.0.0-beta04] AndroidManifest.xml:25:9-27:40
173            android:name="androidx.window.extensions"
173-->[androidx.window:window:1.0.0-beta04] AndroidManifest.xml:26:13-54
174            android:required="false" />
174-->[androidx.window:window:1.0.0-beta04] AndroidManifest.xml:27:13-37
175        <uses-library
175-->[androidx.window:window:1.0.0-beta04] AndroidManifest.xml:28:9-30:40
176            android:name="androidx.window.sidecar"
176-->[androidx.window:window:1.0.0-beta04] AndroidManifest.xml:29:13-51
177            android:required="false" />
177-->[androidx.window:window:1.0.0-beta04] AndroidManifest.xml:30:13-37
178
179        <meta-data
179-->[com.google.android.gms:play-services-basement:18.1.0] AndroidManifest.xml:21:9-23:69
180            android:name="com.google.android.gms.version"
180-->[com.google.android.gms:play-services-basement:18.1.0] AndroidManifest.xml:22:13-58
181            android:value="@integer/google_play_services_version" />
181-->[com.google.android.gms:play-services-basement:18.1.0] AndroidManifest.xml:23:13-66
182
183        <provider
183-->[androidx.emoji2:emoji2:1.0.0] AndroidManifest.xml:26:9-34:20
184            android:name="androidx.startup.InitializationProvider"
184-->[androidx.emoji2:emoji2:1.0.0] AndroidManifest.xml:27:13-67
185            android:authorities="com.example.voicode_.androidx-startup"
185-->[androidx.emoji2:emoji2:1.0.0] AndroidManifest.xml:28:13-68
186            android:exported="false" >
186-->[androidx.emoji2:emoji2:1.0.0] AndroidManifest.xml:29:13-37
187            <meta-data
187-->[androidx.emoji2:emoji2:1.0.0] AndroidManifest.xml:31:13-33:52
188                android:name="androidx.emoji2.text.EmojiCompatInitializer"
188-->[androidx.emoji2:emoji2:1.0.0] AndroidManifest.xml:32:17-75
189                android:value="androidx.startup" />
189-->[androidx.emoji2:emoji2:1.0.0] AndroidManifest.xml:33:17-49
190            <meta-data
190-->[androidx.lifecycle:lifecycle-process:2.4.0] AndroidManifest.xml:31:13-33:52
191                android:name="androidx.lifecycle.ProcessLifecycleInitializer"
191-->[androidx.lifecycle:lifecycle-process:2.4.0] AndroidManifest.xml:32:17-78
192                android:value="androidx.startup" />
192-->[androidx.lifecycle:lifecycle-process:2.4.0] AndroidManifest.xml:33:17-49
193        </provider>
194
195        <activity
195-->[com.journeyapps:zxing-android-embedded:4.3.0] AndroidManifest.xml:47:9-53:63
196            android:name="com.journeyapps.barcodescanner.CaptureActivity"
196-->[com.journeyapps:zxing-android-embedded:4.3.0] AndroidManifest.xml:48:13-74
197            android:clearTaskOnLaunch="true"
197-->[com.journeyapps:zxing-android-embedded:4.3.0] AndroidManifest.xml:49:13-45
198            android:screenOrientation="sensorLandscape"
198-->[com.journeyapps:zxing-android-embedded:4.3.0] AndroidManifest.xml:50:13-56
199            android:stateNotNeeded="true"
199-->[com.journeyapps:zxing-android-embedded:4.3.0] AndroidManifest.xml:51:13-42
200            android:theme="@style/zxing_CaptureTheme"
200-->[com.journeyapps:zxing-android-embedded:4.3.0] AndroidManifest.xml:52:13-54
201            android:windowSoftInputMode="stateAlwaysHidden" />
201-->[com.journeyapps:zxing-android-embedded:4.3.0] AndroidManifest.xml:53:13-60
202    </application>
203
204</manifest>